{"total": {"lines":{"total":26,"covered":21,"skipped":0,"pct":80.76},"statements":{"total":26,"covered":21,"skipped":0,"pct":80.76},"functions":{"total":1,"covered":1,"skipped":0,"pct":100},"branches":{"total":14,"covered":11,"skipped":0,"pct":78.57},"branchesTrue":{"total":0,"covered":0,"skipped":0,"pct":"Unknown"}}
,"/home/runner/work/create-antdp/create-antdp/src/cli.ts": {"lines":{"total":5,"covered":2,"skipped":0,"pct":40},"functions":{"total":0,"covered":0,"skipped":0,"pct":100},"statements":{"total":5,"covered":2,"skipped":0,"pct":40},"branches":{"total":0,"covered":0,"skipped":0,"pct":100}}
,"/home/runner/work/create-antdp/create-antdp/src/utils.ts": {"lines":{"total":21,"covered":19,"skipped":0,"pct":90.47},"functions":{"total":1,"covered":1,"skipped":0,"pct":100},"statements":{"total":21,"covered":19,"skipped":0,"pct":90.47},"branches":{"total":14,"covered":11,"skipped":0,"pct":78.57}}
}
