TN:
SF:src/cli.ts
FNF:0
FNH:0
DA:5,1
DA:6,1
DA:8,0
DA:9,0
DA:10,0
LF:5
LH:2
BRF:0
BRH:0
end_of_record
TN:
SF:src/utils.ts
FN:5,run
FNF:1
FNH:1
FNDA:3,run
DA:6,3
DA:21,3
DA:22,1
DA:23,1
DA:25,2
DA:26,2
DA:27,1
DA:28,1
DA:30,1
DA:31,1
DA:32,1
DA:33,1
DA:34,1
DA:40,1
DA:41,1
DA:42,1
DA:43,0
DA:59,0
DA:60,0
DA:66,1
DA:75,1
LF:21
LH:18
BRDA:21,0,0,1
BRDA:21,0,1,2
BRDA:21,1,0,3
BRDA:21,1,1,3
BRDA:26,2,0,1
BRDA:26,2,1,1
BRDA:26,3,0,2
BRDA:26,3,1,1
BRDA:40,4,0,1
BRDA:40,4,1,0
BRDA:42,5,0,0
BRDA:42,5,1,1
BRDA:47,6,0,0
BRDA:47,6,1,0
BRF:14
BRH:10
end_of_record
